running egg_info
writing ../../build/turtle_project/turtle_project.egg-info/PKG-INFO
writing dependency_links to ../../build/turtle_project/turtle_project.egg-info/dependency_links.txt
writing entry points to ../../build/turtle_project/turtle_project.egg-info/entry_points.txt
writing requirements to ../../build/turtle_project/turtle_project.egg-info/requires.txt
writing top-level names to ../../build/turtle_project/turtle_project.egg-info/top_level.txt
reading manifest file '../../build/turtle_project/turtle_project.egg-info/SOURCES.txt'
writing manifest file '../../build/turtle_project/turtle_project.egg-info/SOURCES.txt'
running build
running build_py
copying turtle_project/main_pub_node.py -> /home/yoyo/ros2/app-001/build/turtle_project/build/lib/turtle_project
running install
running install_lib
copying /home/yoyo/ros2/app-001/build/turtle_project/build/lib/turtle_project/main_pub_node.py -> /home/yoyo/ros2/app-001/install/turtle_project/lib/python3.10/site-packages/turtle_project
byte-compiling /home/yoyo/ros2/app-001/install/turtle_project/lib/python3.10/site-packages/turtle_project/main_pub_node.py to main_pub_node.cpython-310.pyc
running install_data
running install_egg_info
removing '/home/yoyo/ros2/app-001/install/turtle_project/lib/python3.10/site-packages/turtle_project-0.0.0-py3.10.egg-info' (and everything under it)
Copying ../../build/turtle_project/turtle_project.egg-info to /home/yoyo/ros2/app-001/install/turtle_project/lib/python3.10/site-packages/turtle_project-0.0.0-py3.10.egg-info
running install_scripts
Installing spawn_base_turtle script to /home/yoyo/ros2/app-001/install/turtle_project/lib/turtle_project
writing list of installed files to '/home/yoyo/ros2/app-001/build/turtle_project/install.log'
