[0.554s] Invoking command in '/home/yoyo/ros2/app-001/build/turtle_project': PYTHONPATH=/home/yoyo/ros2/app-001/build/turtle_project/prefix_override:/usr/lib/python3/dist-packages/colcon_core/task/python/colcon_distutils_commands:/home/yoyo/ros2/app-001/install/turtle_project/lib/python3.10/site-packages:${PYTHONPATH} /usr/bin/python3 -W ignore:setup.py install is deprecated -W ignore:easy_install command is deprecated setup.py develop --editable --build-directory /home/yoyo/ros2/app-001/build/turtle_project/build --no-deps symlink_data
[0.714s] running develop
[0.812s] running egg_info
[0.812s] creating turtle_project.egg-info
[0.812s] writing turtle_project.egg-info/PKG-INFO
[0.812s] writing dependency_links to turtle_project.egg-info/dependency_links.txt
[0.813s] writing entry points to turtle_project.egg-info/entry_points.txt
[0.813s] writing requirements to turtle_project.egg-info/requires.txt
[0.813s] writing top-level names to turtle_project.egg-info/top_level.txt
[0.813s] writing manifest file 'turtle_project.egg-info/SOURCES.txt'
[0.814s] reading manifest file 'turtle_project.egg-info/SOURCES.txt'
[0.814s] writing manifest file 'turtle_project.egg-info/SOURCES.txt'
[0.815s] running build_ext
[0.815s] Creating /home/yoyo/ros2/app-001/install/turtle_project/lib/python3.10/site-packages/turtle-project.egg-link (link to .)
[0.816s] Installing spawn_base_turtle script to /home/yoyo/ros2/app-001/install/turtle_project/lib/turtle_project
[0.816s] 
[0.816s] Installed /home/yoyo/ros2/app-001/build/turtle_project
[0.816s] running symlink_data
[0.816s] creating /home/yoyo/ros2/app-001/install/turtle_project/share/ament_index
[0.816s] creating /home/yoyo/ros2/app-001/install/turtle_project/share/ament_index/resource_index
[0.816s] creating /home/yoyo/ros2/app-001/install/turtle_project/share/ament_index/resource_index/packages
[0.816s] symbolically linking /home/yoyo/ros2/app-001/build/turtle_project/resource/turtle_project -> /home/yoyo/ros2/app-001/install/turtle_project/share/ament_index/resource_index/packages
[0.816s] symbolically linking /home/yoyo/ros2/app-001/build/turtle_project/package.xml -> /home/yoyo/ros2/app-001/install/turtle_project/share/turtle_project
[0.816s] creating /home/yoyo/ros2/app-001/install/turtle_project/share/turtle_project/launch
[0.816s] error: can't copy '/home/yoyo/ros2/app-001/build/turtle_project/src/turtle_project/launch/launch_me.py': doesn't exist or not a regular file
[0.834s] Invoked command in '/home/yoyo/ros2/app-001/build/turtle_project' returned '1': PYTHONPATH=/home/yoyo/ros2/app-001/build/turtle_project/prefix_override:/usr/lib/python3/dist-packages/colcon_core/task/python/colcon_distutils_commands:/home/yoyo/ros2/app-001/install/turtle_project/lib/python3.10/site-packages:${PYTHONPATH} /usr/bin/python3 -W ignore:setup.py install is deprecated -W ignore:easy_install command is deprecated setup.py develop --editable --build-directory /home/yoyo/ros2/app-001/build/turtle_project/build --no-deps symlink_data
