[0.594s] Invoking command in '/home/yoyo/ros2/app-001/build/turtle_project': PYTHONPATH=/home/yoyo/ros2/app-001/build/turtle_project/prefix_override:/usr/lib/python3/dist-packages/colcon_core/task/python/colcon_distutils_commands:/home/yoyo/ros2/app-001/install/turtle_project/lib/python3.10/site-packages:${PYTHONPATH} /usr/bin/python3 -W ignore:setup.py install is deprecated -W ignore:easy_install command is deprecated setup.py develop --editable --build-directory /home/yoyo/ros2/app-001/build/turtle_project/build --no-deps symlink_data
[0.789s] running develop
[0.900s] running egg_info
[0.900s] creating turtle_project.egg-info
[0.900s] writing turtle_project.egg-info/PKG-INFO
[0.900s] writing dependency_links to turtle_project.egg-info/dependency_links.txt
[0.900s] writing entry points to turtle_project.egg-info/entry_points.txt
[0.900s] writing requirements to turtle_project.egg-info/requires.txt
[0.900s] writing top-level names to turtle_project.egg-info/top_level.txt
[0.901s] writing manifest file 'turtle_project.egg-info/SOURCES.txt'
[0.901s] reading manifest file 'turtle_project.egg-info/SOURCES.txt'
[0.902s] writing manifest file 'turtle_project.egg-info/SOURCES.txt'
[0.903s] running build_ext
[0.903s] Creating /home/yoyo/ros2/app-001/install/turtle_project/lib/python3.10/site-packages/turtle-project.egg-link (link to .)
[0.904s] Installing chase_turtle_mov script to /home/yoyo/ros2/app-001/install/turtle_project/lib/turtle_project
[0.904s] Installing spawn_base_turtle script to /home/yoyo/ros2/app-001/install/turtle_project/lib/turtle_project
[0.904s] 
[0.904s] Installed /home/yoyo/ros2/app-001/build/turtle_project
[0.904s] running symlink_data
[0.904s] creating /home/yoyo/ros2/app-001/install/turtle_project/share/ament_index
[0.904s] creating /home/yoyo/ros2/app-001/install/turtle_project/share/ament_index/resource_index
[0.904s] creating /home/yoyo/ros2/app-001/install/turtle_project/share/ament_index/resource_index/packages
[0.904s] symbolically linking /home/yoyo/ros2/app-001/build/turtle_project/resource/turtle_project -> /home/yoyo/ros2/app-001/install/turtle_project/share/ament_index/resource_index/packages
[0.904s] symbolically linking /home/yoyo/ros2/app-001/build/turtle_project/package.xml -> /home/yoyo/ros2/app-001/install/turtle_project/share/turtle_project
[0.904s] creating /home/yoyo/ros2/app-001/install/turtle_project/share/turtle_project/launch
[0.904s] symbolically linking /home/yoyo/ros2/app-001/build/turtle_project/launch/launch_me.py -> /home/yoyo/ros2/app-001/install/turtle_project/share/turtle_project/launch
[0.924s] Invoked command in '/home/yoyo/ros2/app-001/build/turtle_project' returned '0': PYTHONPATH=/home/yoyo/ros2/app-001/build/turtle_project/prefix_override:/usr/lib/python3/dist-packages/colcon_core/task/python/colcon_distutils_commands:/home/yoyo/ros2/app-001/install/turtle_project/lib/python3.10/site-packages:${PYTHONPATH} /usr/bin/python3 -W ignore:setup.py install is deprecated -W ignore:easy_install command is deprecated setup.py develop --editable --build-directory /home/yoyo/ros2/app-001/build/turtle_project/build --no-deps symlink_data
