[0.490s] Invoking command in '/home/yoyo/ros2/app-001/src/turtle_project': PYTHONPATH=/home/yoyo/ros2/app-001/build/turtle_project/prefix_override:/usr/lib/python3/dist-packages/colcon_core/task/python/colcon_distutils_commands:/home/yoyo/ros2/app-001/install/turtle_project/lib/python3.10/site-packages:${PYTHONPATH} /usr/bin/python3 -W ignore:setup.py install is deprecated -W ignore:easy_install command is deprecated setup.py egg_info --egg-base ../../build/turtle_project build --build-base /home/yoyo/ros2/app-001/build/turtle_project/build install --record /home/yoyo/ros2/app-001/build/turtle_project/install.log --single-version-externally-managed install_data
[0.662s] running egg_info
[0.663s] writing ../../build/turtle_project/turtle_project.egg-info/PKG-INFO
[0.663s] writing dependency_links to ../../build/turtle_project/turtle_project.egg-info/dependency_links.txt
[0.663s] writing entry points to ../../build/turtle_project/turtle_project.egg-info/entry_points.txt
[0.663s] writing requirements to ../../build/turtle_project/turtle_project.egg-info/requires.txt
[0.663s] writing top-level names to ../../build/turtle_project/turtle_project.egg-info/top_level.txt
[0.664s] reading manifest file '../../build/turtle_project/turtle_project.egg-info/SOURCES.txt'
[0.665s] writing manifest file '../../build/turtle_project/turtle_project.egg-info/SOURCES.txt'
[0.665s] running build
[0.665s] running build_py
[0.665s] running install
[0.665s] running install_lib
[0.666s] running install_data
[0.666s] running install_egg_info
[0.667s] removing '/home/yoyo/ros2/app-001/install/turtle_project/lib/python3.10/site-packages/turtle_project-0.0.0-py3.10.egg-info' (and everything under it)
[0.667s] Copying ../../build/turtle_project/turtle_project.egg-info to /home/yoyo/ros2/app-001/install/turtle_project/lib/python3.10/site-packages/turtle_project-0.0.0-py3.10.egg-info
[0.668s] running install_scripts
[0.682s] Installing spawn_base_turtle script to /home/yoyo/ros2/app-001/install/turtle_project/lib/turtle_project
[0.682s] writing list of installed files to '/home/yoyo/ros2/app-001/build/turtle_project/install.log'
[0.697s] Invoked command in '/home/yoyo/ros2/app-001/src/turtle_project' returned '0': PYTHONPATH=/home/yoyo/ros2/app-001/build/turtle_project/prefix_override:/usr/lib/python3/dist-packages/colcon_core/task/python/colcon_distutils_commands:/home/yoyo/ros2/app-001/install/turtle_project/lib/python3.10/site-packages:${PYTHONPATH} /usr/bin/python3 -W ignore:setup.py install is deprecated -W ignore:easy_install command is deprecated setup.py egg_info --egg-base ../../build/turtle_project build --build-base /home/yoyo/ros2/app-001/build/turtle_project/build install --record /home/yoyo/ros2/app-001/build/turtle_project/install.log --single-version-externally-managed install_data
